Performing C SOURCE FILE Test CMAKE_HAVE_LIBC_PTHREAD failed with the following output:
Change Dir: /home/issiki/gsoc/test/learn/DetectionSuite/DeepLearningSuite/build/CMakeFiles/CMakeTmp

Run Build Command(s):/usr/bin/make cmTC_e5c02/fast && /usr/bin/make -f CMakeFiles/cmTC_e5c02.dir/build.make CMakeFiles/cmTC_e5c02.dir/build
make[1]: Entering directory '/home/issiki/gsoc/test/learn/DetectionSuite/DeepLearningSuite/build/CMakeFiles/CMakeTmp'
Building C object CMakeFiles/cmTC_e5c02.dir/src.c.o
/usr/bin/cc   -DCMAKE_HAVE_LIBC_PTHREAD   -o CMakeFiles/cmTC_e5c02.dir/src.c.o   -c /home/issiki/gsoc/test/learn/DetectionSuite/DeepLearningSuite/build/CMakeFiles/CMakeTmp/src.c
Linking C executable cmTC_e5c02
/usr/local/bin/cmake -E cmake_link_script CMakeFiles/cmTC_e5c02.dir/link.txt --verbose=1
/usr/bin/cc  -DCMAKE_HAVE_LIBC_PTHREAD    -rdynamic CMakeFiles/cmTC_e5c02.dir/src.c.o  -o cmTC_e5c02 
CMakeFiles/cmTC_e5c02.dir/src.c.o: In function `main':
src.c:(.text+0x3c): undefined reference to `pthread_create'
src.c:(.text+0x48): undefined reference to `pthread_detach'
src.c:(.text+0x59): undefined reference to `pthread_join'
src.c:(.text+0x6d): undefined reference to `pthread_atfork'
collect2: error: ld returned 1 exit status
CMakeFiles/cmTC_e5c02.dir/build.make:86: recipe for target 'cmTC_e5c02' failed
make[1]: *** [cmTC_e5c02] Error 1
make[1]: Leaving directory '/home/issiki/gsoc/test/learn/DetectionSuite/DeepLearningSuite/build/CMakeFiles/CMakeTmp'
Makefile:121: recipe for target 'cmTC_e5c02/fast' failed
make: *** [cmTC_e5c02/fast] Error 2


Source file was:
#include <pthread.h>

void* test_func(void* data)
{
  return data;
}

int main(void)
{
  pthread_t thread;
  pthread_create(&thread, NULL, test_func, NULL);
  pthread_detach(thread);
  pthread_join(thread, NULL);
  pthread_atfork(NULL, NULL, NULL);
  pthread_exit(NULL);

  return 0;
}

Determining if the function pthread_create exists in the pthreads failed with the following output:
Change Dir: /home/issiki/gsoc/test/learn/DetectionSuite/DeepLearningSuite/build/CMakeFiles/CMakeTmp

Run Build Command(s):/usr/bin/make cmTC_0f22b/fast && /usr/bin/make -f CMakeFiles/cmTC_0f22b.dir/build.make CMakeFiles/cmTC_0f22b.dir/build
make[1]: Entering directory '/home/issiki/gsoc/test/learn/DetectionSuite/DeepLearningSuite/build/CMakeFiles/CMakeTmp'
Building C object CMakeFiles/cmTC_0f22b.dir/CheckFunctionExists.c.o
/usr/bin/cc   -DCHECK_FUNCTION_EXISTS=pthread_create   -o CMakeFiles/cmTC_0f22b.dir/CheckFunctionExists.c.o   -c /usr/local/share/cmake-3.14/Modules/CheckFunctionExists.c
Linking C executable cmTC_0f22b
/usr/local/bin/cmake -E cmake_link_script CMakeFiles/cmTC_0f22b.dir/link.txt --verbose=1
/usr/bin/cc  -DCHECK_FUNCTION_EXISTS=pthread_create    -rdynamic CMakeFiles/cmTC_0f22b.dir/CheckFunctionExists.c.o  -o cmTC_0f22b -lpthreads 
/usr/bin/ld: cannot find -lpthreads
collect2: error: ld returned 1 exit status
CMakeFiles/cmTC_0f22b.dir/build.make:86: recipe for target 'cmTC_0f22b' failed
make[1]: *** [cmTC_0f22b] Error 1
make[1]: Leaving directory '/home/issiki/gsoc/test/learn/DetectionSuite/DeepLearningSuite/build/CMakeFiles/CMakeTmp'
Makefile:121: recipe for target 'cmTC_0f22b/fast' failed
make: *** [cmTC_0f22b/fast] Error 2



Performing C SOURCE FILE Test CMAKE_HAVE_LIBC_PTHREAD failed with the following output:
Change Dir: /home/issiki/gsoc/test/learn/DetectionSuite/DeepLearningSuite/build/CMakeFiles/CMakeTmp

Run Build Command(s):/usr/bin/make cmTC_b851c/fast && /usr/bin/make -f CMakeFiles/cmTC_b851c.dir/build.make CMakeFiles/cmTC_b851c.dir/build
make[1]: Entering directory '/home/issiki/gsoc/test/learn/DetectionSuite/DeepLearningSuite/build/CMakeFiles/CMakeTmp'
Building C object CMakeFiles/cmTC_b851c.dir/src.c.o
/usr/bin/cc   -DCMAKE_HAVE_LIBC_PTHREAD   -o CMakeFiles/cmTC_b851c.dir/src.c.o   -c /home/issiki/gsoc/test/learn/DetectionSuite/DeepLearningSuite/build/CMakeFiles/CMakeTmp/src.c
Linking C executable cmTC_b851c
/usr/local/bin/cmake -E cmake_link_script CMakeFiles/cmTC_b851c.dir/link.txt --verbose=1
/usr/bin/cc  -DCMAKE_HAVE_LIBC_PTHREAD    -rdynamic CMakeFiles/cmTC_b851c.dir/src.c.o  -o cmTC_b851c 
CMakeFiles/cmTC_b851c.dir/src.c.o: In function `main':
src.c:(.text+0x3c): undefined reference to `pthread_create'
src.c:(.text+0x48): undefined reference to `pthread_detach'
src.c:(.text+0x59): undefined reference to `pthread_join'
src.c:(.text+0x6d): undefined reference to `pthread_atfork'
collect2: error: ld returned 1 exit status
CMakeFiles/cmTC_b851c.dir/build.make:86: recipe for target 'cmTC_b851c' failed
make[1]: *** [cmTC_b851c] Error 1
make[1]: Leaving directory '/home/issiki/gsoc/test/learn/DetectionSuite/DeepLearningSuite/build/CMakeFiles/CMakeTmp'
Makefile:121: recipe for target 'cmTC_b851c/fast' failed
make: *** [cmTC_b851c/fast] Error 2


Source file was:
#include <pthread.h>

void* test_func(void* data)
{
  return data;
}

int main(void)
{
  pthread_t thread;
  pthread_create(&thread, NULL, test_func, NULL);
  pthread_detach(thread);
  pthread_join(thread, NULL);
  pthread_atfork(NULL, NULL, NULL);
  pthread_exit(NULL);

  return 0;
}

Determining if the function pthread_create exists in the pthreads failed with the following output:
Change Dir: /home/issiki/gsoc/test/learn/DetectionSuite/DeepLearningSuite/build/CMakeFiles/CMakeTmp

Run Build Command(s):/usr/bin/make cmTC_3c08a/fast && /usr/bin/make -f CMakeFiles/cmTC_3c08a.dir/build.make CMakeFiles/cmTC_3c08a.dir/build
make[1]: Entering directory '/home/issiki/gsoc/test/learn/DetectionSuite/DeepLearningSuite/build/CMakeFiles/CMakeTmp'
Building C object CMakeFiles/cmTC_3c08a.dir/CheckFunctionExists.c.o
/usr/bin/cc   -DCHECK_FUNCTION_EXISTS=pthread_create   -o CMakeFiles/cmTC_3c08a.dir/CheckFunctionExists.c.o   -c /usr/local/share/cmake-3.14/Modules/CheckFunctionExists.c
Linking C executable cmTC_3c08a
/usr/local/bin/cmake -E cmake_link_script CMakeFiles/cmTC_3c08a.dir/link.txt --verbose=1
/usr/bin/cc  -DCHECK_FUNCTION_EXISTS=pthread_create    -rdynamic CMakeFiles/cmTC_3c08a.dir/CheckFunctionExists.c.o  -o cmTC_3c08a -lpthreads 
/usr/bin/ld: cannot find -lpthreads
collect2: error: ld returned 1 exit status
CMakeFiles/cmTC_3c08a.dir/build.make:86: recipe for target 'cmTC_3c08a' failed
make[1]: *** [cmTC_3c08a] Error 1
make[1]: Leaving directory '/home/issiki/gsoc/test/learn/DetectionSuite/DeepLearningSuite/build/CMakeFiles/CMakeTmp'
Makefile:121: recipe for target 'cmTC_3c08a/fast' failed
make: *** [cmTC_3c08a/fast] Error 2



Performing C SOURCE FILE Test CMAKE_HAVE_LIBC_PTHREAD failed with the following output:
Change Dir: /home/issiki/gsoc/test/learn/DetectionSuite/DeepLearningSuite/build/CMakeFiles/CMakeTmp

Run Build Command(s):/usr/bin/make cmTC_81ccd/fast && /usr/bin/make -f CMakeFiles/cmTC_81ccd.dir/build.make CMakeFiles/cmTC_81ccd.dir/build
make[1]: Entering directory '/home/issiki/gsoc/test/learn/DetectionSuite/DeepLearningSuite/build/CMakeFiles/CMakeTmp'
Building C object CMakeFiles/cmTC_81ccd.dir/src.c.o
/usr/bin/cc   -DCMAKE_HAVE_LIBC_PTHREAD   -o CMakeFiles/cmTC_81ccd.dir/src.c.o   -c /home/issiki/gsoc/test/learn/DetectionSuite/DeepLearningSuite/build/CMakeFiles/CMakeTmp/src.c
Linking C executable cmTC_81ccd
/usr/local/bin/cmake -E cmake_link_script CMakeFiles/cmTC_81ccd.dir/link.txt --verbose=1
/usr/bin/cc  -DCMAKE_HAVE_LIBC_PTHREAD    -rdynamic CMakeFiles/cmTC_81ccd.dir/src.c.o  -o cmTC_81ccd 
CMakeFiles/cmTC_81ccd.dir/src.c.o: In function `main':
src.c:(.text+0x3c): undefined reference to `pthread_create'
src.c:(.text+0x48): undefined reference to `pthread_detach'
src.c:(.text+0x59): undefined reference to `pthread_join'
src.c:(.text+0x6d): undefined reference to `pthread_atfork'
collect2: error: ld returned 1 exit status
CMakeFiles/cmTC_81ccd.dir/build.make:86: recipe for target 'cmTC_81ccd' failed
make[1]: *** [cmTC_81ccd] Error 1
make[1]: Leaving directory '/home/issiki/gsoc/test/learn/DetectionSuite/DeepLearningSuite/build/CMakeFiles/CMakeTmp'
Makefile:121: recipe for target 'cmTC_81ccd/fast' failed
make: *** [cmTC_81ccd/fast] Error 2


Source file was:
#include <pthread.h>

void* test_func(void* data)
{
  return data;
}

int main(void)
{
  pthread_t thread;
  pthread_create(&thread, NULL, test_func, NULL);
  pthread_detach(thread);
  pthread_join(thread, NULL);
  pthread_atfork(NULL, NULL, NULL);
  pthread_exit(NULL);

  return 0;
}

Determining if the function pthread_create exists in the pthreads failed with the following output:
Change Dir: /home/issiki/gsoc/test/learn/DetectionSuite/DeepLearningSuite/build/CMakeFiles/CMakeTmp

Run Build Command(s):/usr/bin/make cmTC_62bbc/fast && /usr/bin/make -f CMakeFiles/cmTC_62bbc.dir/build.make CMakeFiles/cmTC_62bbc.dir/build
make[1]: Entering directory '/home/issiki/gsoc/test/learn/DetectionSuite/DeepLearningSuite/build/CMakeFiles/CMakeTmp'
Building C object CMakeFiles/cmTC_62bbc.dir/CheckFunctionExists.c.o
/usr/bin/cc   -DCHECK_FUNCTION_EXISTS=pthread_create   -o CMakeFiles/cmTC_62bbc.dir/CheckFunctionExists.c.o   -c /usr/local/share/cmake-3.14/Modules/CheckFunctionExists.c
Linking C executable cmTC_62bbc
/usr/local/bin/cmake -E cmake_link_script CMakeFiles/cmTC_62bbc.dir/link.txt --verbose=1
/usr/bin/cc  -DCHECK_FUNCTION_EXISTS=pthread_create    -rdynamic CMakeFiles/cmTC_62bbc.dir/CheckFunctionExists.c.o  -o cmTC_62bbc -lpthreads 
/usr/bin/ld: cannot find -lpthreads
collect2: error: ld returned 1 exit status
CMakeFiles/cmTC_62bbc.dir/build.make:86: recipe for target 'cmTC_62bbc' failed
make[1]: *** [cmTC_62bbc] Error 1
make[1]: Leaving directory '/home/issiki/gsoc/test/learn/DetectionSuite/DeepLearningSuite/build/CMakeFiles/CMakeTmp'
Makefile:121: recipe for target 'cmTC_62bbc/fast' failed
make: *** [cmTC_62bbc/fast] Error 2



Performing C SOURCE FILE Test CMAKE_HAVE_LIBC_PTHREAD failed with the following output:
Change Dir: /home/issiki/gsoc/test/learn/DetectionSuite/DeepLearningSuite/build/CMakeFiles/CMakeTmp

Run Build Command(s):/usr/bin/make cmTC_59429/fast && /usr/bin/make -f CMakeFiles/cmTC_59429.dir/build.make CMakeFiles/cmTC_59429.dir/build
make[1]: Entering directory '/home/issiki/gsoc/test/learn/DetectionSuite/DeepLearningSuite/build/CMakeFiles/CMakeTmp'
Building C object CMakeFiles/cmTC_59429.dir/src.c.o
/usr/bin/cc   -DCMAKE_HAVE_LIBC_PTHREAD   -o CMakeFiles/cmTC_59429.dir/src.c.o   -c /home/issiki/gsoc/test/learn/DetectionSuite/DeepLearningSuite/build/CMakeFiles/CMakeTmp/src.c
Linking C executable cmTC_59429
/usr/local/bin/cmake -E cmake_link_script CMakeFiles/cmTC_59429.dir/link.txt --verbose=1
/usr/bin/cc  -DCMAKE_HAVE_LIBC_PTHREAD    -rdynamic CMakeFiles/cmTC_59429.dir/src.c.o  -o cmTC_59429 
CMakeFiles/cmTC_59429.dir/src.c.o: In function `main':
src.c:(.text+0x3c): undefined reference to `pthread_create'
src.c:(.text+0x48): undefined reference to `pthread_detach'
src.c:(.text+0x59): undefined reference to `pthread_join'
src.c:(.text+0x6d): undefined reference to `pthread_atfork'
collect2: error: ld returned 1 exit status
CMakeFiles/cmTC_59429.dir/build.make:86: recipe for target 'cmTC_59429' failed
make[1]: *** [cmTC_59429] Error 1
make[1]: Leaving directory '/home/issiki/gsoc/test/learn/DetectionSuite/DeepLearningSuite/build/CMakeFiles/CMakeTmp'
Makefile:121: recipe for target 'cmTC_59429/fast' failed
make: *** [cmTC_59429/fast] Error 2


Source file was:
#include <pthread.h>

void* test_func(void* data)
{
  return data;
}

int main(void)
{
  pthread_t thread;
  pthread_create(&thread, NULL, test_func, NULL);
  pthread_detach(thread);
  pthread_join(thread, NULL);
  pthread_atfork(NULL, NULL, NULL);
  pthread_exit(NULL);

  return 0;
}

Determining if the function pthread_create exists in the pthreads failed with the following output:
Change Dir: /home/issiki/gsoc/test/learn/DetectionSuite/DeepLearningSuite/build/CMakeFiles/CMakeTmp

Run Build Command(s):/usr/bin/make cmTC_faaf5/fast && /usr/bin/make -f CMakeFiles/cmTC_faaf5.dir/build.make CMakeFiles/cmTC_faaf5.dir/build
make[1]: Entering directory '/home/issiki/gsoc/test/learn/DetectionSuite/DeepLearningSuite/build/CMakeFiles/CMakeTmp'
Building C object CMakeFiles/cmTC_faaf5.dir/CheckFunctionExists.c.o
/usr/bin/cc   -DCHECK_FUNCTION_EXISTS=pthread_create   -o CMakeFiles/cmTC_faaf5.dir/CheckFunctionExists.c.o   -c /usr/local/share/cmake-3.14/Modules/CheckFunctionExists.c
Linking C executable cmTC_faaf5
/usr/local/bin/cmake -E cmake_link_script CMakeFiles/cmTC_faaf5.dir/link.txt --verbose=1
/usr/bin/cc  -DCHECK_FUNCTION_EXISTS=pthread_create    -rdynamic CMakeFiles/cmTC_faaf5.dir/CheckFunctionExists.c.o  -o cmTC_faaf5 -lpthreads 
/usr/bin/ld: cannot find -lpthreads
collect2: error: ld returned 1 exit status
CMakeFiles/cmTC_faaf5.dir/build.make:86: recipe for target 'cmTC_faaf5' failed
make[1]: *** [cmTC_faaf5] Error 1
make[1]: Leaving directory '/home/issiki/gsoc/test/learn/DetectionSuite/DeepLearningSuite/build/CMakeFiles/CMakeTmp'
Makefile:121: recipe for target 'cmTC_faaf5/fast' failed
make: *** [cmTC_faaf5/fast] Error 2



Performing C SOURCE FILE Test CMAKE_HAVE_LIBC_PTHREAD failed with the following output:
Change Dir: /home/issiki/gsoc/test/learn/DetectionSuite/DeepLearningSuite/build/CMakeFiles/CMakeTmp

Run Build Command(s):/usr/bin/make cmTC_04ff8/fast && make[1]: Entering directory '/home/issiki/gsoc/test/learn/DetectionSuite/DeepLearningSuite/build/CMakeFiles/CMakeTmp'
/usr/bin/make -f CMakeFiles/cmTC_04ff8.dir/build.make CMakeFiles/cmTC_04ff8.dir/build
make[2]: Entering directory '/home/issiki/gsoc/test/learn/DetectionSuite/DeepLearningSuite/build/CMakeFiles/CMakeTmp'
Building C object CMakeFiles/cmTC_04ff8.dir/src.c.o
/usr/bin/cc   -DCMAKE_HAVE_LIBC_PTHREAD   -o CMakeFiles/cmTC_04ff8.dir/src.c.o   -c /home/issiki/gsoc/test/learn/DetectionSuite/DeepLearningSuite/build/CMakeFiles/CMakeTmp/src.c
Linking C executable cmTC_04ff8
/usr/local/bin/cmake -E cmake_link_script CMakeFiles/cmTC_04ff8.dir/link.txt --verbose=1
/usr/bin/cc  -DCMAKE_HAVE_LIBC_PTHREAD    -rdynamic CMakeFiles/cmTC_04ff8.dir/src.c.o  -o cmTC_04ff8 
CMakeFiles/cmTC_04ff8.dir/src.c.o: In function `main':
src.c:(.text+0x3c): undefined reference to `pthread_create'
src.c:(.text+0x48): undefined reference to `pthread_detach'
src.c:(.text+0x59): undefined reference to `pthread_join'
src.c:(.text+0x6d): undefined reference to `pthread_atfork'
collect2: error: ld returned 1 exit status
CMakeFiles/cmTC_04ff8.dir/build.make:86: recipe for target 'cmTC_04ff8' failed
make[2]: *** [cmTC_04ff8] Error 1
make[2]: Leaving directory '/home/issiki/gsoc/test/learn/DetectionSuite/DeepLearningSuite/build/CMakeFiles/CMakeTmp'
Makefile:121: recipe for target 'cmTC_04ff8/fast' failed
make[1]: *** [cmTC_04ff8/fast] Error 2
make[1]: Leaving directory '/home/issiki/gsoc/test/learn/DetectionSuite/DeepLearningSuite/build/CMakeFiles/CMakeTmp'


Source file was:
#include <pthread.h>

void* test_func(void* data)
{
  return data;
}

int main(void)
{
  pthread_t thread;
  pthread_create(&thread, NULL, test_func, NULL);
  pthread_detach(thread);
  pthread_join(thread, NULL);
  pthread_atfork(NULL, NULL, NULL);
  pthread_exit(NULL);

  return 0;
}

Determining if the function pthread_create exists in the pthreads failed with the following output:
Change Dir: /home/issiki/gsoc/test/learn/DetectionSuite/DeepLearningSuite/build/CMakeFiles/CMakeTmp

Run Build Command(s):/usr/bin/make cmTC_53a3f/fast && make[1]: Entering directory '/home/issiki/gsoc/test/learn/DetectionSuite/DeepLearningSuite/build/CMakeFiles/CMakeTmp'
/usr/bin/make -f CMakeFiles/cmTC_53a3f.dir/build.make CMakeFiles/cmTC_53a3f.dir/build
make[2]: Entering directory '/home/issiki/gsoc/test/learn/DetectionSuite/DeepLearningSuite/build/CMakeFiles/CMakeTmp'
Building C object CMakeFiles/cmTC_53a3f.dir/CheckFunctionExists.c.o
/usr/bin/cc   -DCHECK_FUNCTION_EXISTS=pthread_create   -o CMakeFiles/cmTC_53a3f.dir/CheckFunctionExists.c.o   -c /usr/local/share/cmake-3.14/Modules/CheckFunctionExists.c
Linking C executable cmTC_53a3f
/usr/local/bin/cmake -E cmake_link_script CMakeFiles/cmTC_53a3f.dir/link.txt --verbose=1
/usr/bin/cc  -DCHECK_FUNCTION_EXISTS=pthread_create    -rdynamic CMakeFiles/cmTC_53a3f.dir/CheckFunctionExists.c.o  -o cmTC_53a3f -lpthreads 
/usr/bin/ld: cannot find -lpthreads
collect2: error: ld returned 1 exit status
CMakeFiles/cmTC_53a3f.dir/build.make:86: recipe for target 'cmTC_53a3f' failed
make[2]: *** [cmTC_53a3f] Error 1
make[2]: Leaving directory '/home/issiki/gsoc/test/learn/DetectionSuite/DeepLearningSuite/build/CMakeFiles/CMakeTmp'
Makefile:121: recipe for target 'cmTC_53a3f/fast' failed
make[1]: *** [cmTC_53a3f/fast] Error 2
make[1]: Leaving directory '/home/issiki/gsoc/test/learn/DetectionSuite/DeepLearningSuite/build/CMakeFiles/CMakeTmp'



Performing C SOURCE FILE Test CMAKE_HAVE_LIBC_PTHREAD failed with the following output:
Change Dir: /home/issiki/gsoc/test/learn/DetectionSuite/DeepLearningSuite/build/CMakeFiles/CMakeTmp

Run Build Command(s):/usr/bin/make cmTC_4ef42/fast && /usr/bin/make -f CMakeFiles/cmTC_4ef42.dir/build.make CMakeFiles/cmTC_4ef42.dir/build
make[1]: Entering directory '/home/issiki/gsoc/test/learn/DetectionSuite/DeepLearningSuite/build/CMakeFiles/CMakeTmp'
Building C object CMakeFiles/cmTC_4ef42.dir/src.c.o
/usr/bin/cc   -DCMAKE_HAVE_LIBC_PTHREAD   -o CMakeFiles/cmTC_4ef42.dir/src.c.o   -c /home/issiki/gsoc/test/learn/DetectionSuite/DeepLearningSuite/build/CMakeFiles/CMakeTmp/src.c
Linking C executable cmTC_4ef42
/usr/local/bin/cmake -E cmake_link_script CMakeFiles/cmTC_4ef42.dir/link.txt --verbose=1
/usr/bin/cc  -DCMAKE_HAVE_LIBC_PTHREAD    -rdynamic CMakeFiles/cmTC_4ef42.dir/src.c.o  -o cmTC_4ef42 
CMakeFiles/cmTC_4ef42.dir/src.c.o: In function `main':
src.c:(.text+0x3c): undefined reference to `pthread_create'
src.c:(.text+0x48): undefined reference to `pthread_detach'
src.c:(.text+0x59): undefined reference to `pthread_join'
src.c:(.text+0x6d): undefined reference to `pthread_atfork'
collect2: error: ld returned 1 exit status
CMakeFiles/cmTC_4ef42.dir/build.make:86: recipe for target 'cmTC_4ef42' failed
make[1]: *** [cmTC_4ef42] Error 1
make[1]: Leaving directory '/home/issiki/gsoc/test/learn/DetectionSuite/DeepLearningSuite/build/CMakeFiles/CMakeTmp'
Makefile:121: recipe for target 'cmTC_4ef42/fast' failed
make: *** [cmTC_4ef42/fast] Error 2


Source file was:
#include <pthread.h>

void* test_func(void* data)
{
  return data;
}

int main(void)
{
  pthread_t thread;
  pthread_create(&thread, NULL, test_func, NULL);
  pthread_detach(thread);
  pthread_join(thread, NULL);
  pthread_atfork(NULL, NULL, NULL);
  pthread_exit(NULL);

  return 0;
}

Determining if the function pthread_create exists in the pthreads failed with the following output:
Change Dir: /home/issiki/gsoc/test/learn/DetectionSuite/DeepLearningSuite/build/CMakeFiles/CMakeTmp

Run Build Command(s):/usr/bin/make cmTC_413e6/fast && /usr/bin/make -f CMakeFiles/cmTC_413e6.dir/build.make CMakeFiles/cmTC_413e6.dir/build
make[1]: Entering directory '/home/issiki/gsoc/test/learn/DetectionSuite/DeepLearningSuite/build/CMakeFiles/CMakeTmp'
Building C object CMakeFiles/cmTC_413e6.dir/CheckFunctionExists.c.o
/usr/bin/cc   -DCHECK_FUNCTION_EXISTS=pthread_create   -o CMakeFiles/cmTC_413e6.dir/CheckFunctionExists.c.o   -c /usr/local/share/cmake-3.14/Modules/CheckFunctionExists.c
Linking C executable cmTC_413e6
/usr/local/bin/cmake -E cmake_link_script CMakeFiles/cmTC_413e6.dir/link.txt --verbose=1
/usr/bin/cc  -DCHECK_FUNCTION_EXISTS=pthread_create    -rdynamic CMakeFiles/cmTC_413e6.dir/CheckFunctionExists.c.o  -o cmTC_413e6 -lpthreads 
/usr/bin/ld: cannot find -lpthreads
collect2: error: ld returned 1 exit status
CMakeFiles/cmTC_413e6.dir/build.make:86: recipe for target 'cmTC_413e6' failed
make[1]: *** [cmTC_413e6] Error 1
make[1]: Leaving directory '/home/issiki/gsoc/test/learn/DetectionSuite/DeepLearningSuite/build/CMakeFiles/CMakeTmp'
Makefile:121: recipe for target 'cmTC_413e6/fast' failed
make: *** [cmTC_413e6/fast] Error 2



